Logfile initialized
[INFO] logfile = D:\Users\Matt\Dropbox\Titanium Workspace\daysnapper\build.log
[DEBUG] C:\Users\Matt\AppData\Roaming\Titanium\mobilesdk\win32\1.8.2\android\builder.py simulator Day Snapper D:\Program Files\Android\android-sdk D:\Users\Matt\Dropbox\Titanium Workspace\daysnapper coop.tiny.daysnapper 19 HVGA
[INFO] Building Day Snapper for Android ... one moment
[INFO] Titanium SDK version: 1.8.2 (02/23/12 17:46 59b3a90)
[DEBUG] Waiting for device to be ready ...
[TRACE] adb devices returned 2 devices/emulators
[DEBUG] Device connected... (waited 0 seconds)
[DEBUG] waited 0.034000 seconds on emulator to get ready
[DEBUG] coop.tiny.daysnapper installed? True
[INFO] Fastdev server running, deploying in Fastdev mode
[INFO] Copying project resources..
[TRACE] COPYING CREATED FILE: D:\Users\Matt\Dropbox\Titanium Workspace\daysnapper\Resources\lib\thirdParty\moment.min.js => D:\Users\Matt\Dropbox\Titanium Workspace\daysnapper\build\android\bin\assets\Resources\lib\thirdParty\moment.min.js
[TRACE] COPYING MODIFIED FILE: D:\Users\Matt\Dropbox\Titanium Workspace\daysnapper\Resources\ui\common\DetailView.js => D:\Users\Matt\Dropbox\Titanium Workspace\daysnapper\build\android\bin\assets\Resources\ui\common\DetailView.js
[TRACE] COPYING MODIFIED FILE: D:\Users\Matt\Dropbox\Titanium Workspace\daysnapper\Resources\ui\common\SnapSelectorScrollableTableView.js => D:\Users\Matt\Dropbox\Titanium Workspace\daysnapper\build\android\bin\assets\Resources\ui\common\SnapSelectorScrollableTableView.js
[TRACE] COPYING MODIFIED FILE: D:\Users\Matt\Dropbox\Titanium Workspace\daysnapper\Resources\ui\common\viewSnapsSection\SnapsScrollableTableView.js => D:\Users\Matt\Dropbox\Titanium Workspace\daysnapper\build\android\bin\assets\Resources\ui\common\viewSnapsSection\SnapsScrollableTableView.js
[INFO] Tiapp.xml unchanged, skipping class generation
[DEBUG] Processing Android resource drawables
[DEBUG] found drawable-long-port-hdpi splash screen at D:\Users\Matt\Dropbox\Titanium Workspace\daysnapper\Resources\android\images\res-long-port-hdpi\default.png
[DEBUG] found drawable-long-port-ldpi splash screen at D:\Users\Matt\Dropbox\Titanium Workspace\daysnapper\Resources\android\images\res-long-port-ldpi\default.png
[DEBUG] found drawable-notlong-port-hdpi splash screen at D:\Users\Matt\Dropbox\Titanium Workspace\daysnapper\Resources\android\images\res-notlong-port-hdpi\default.png
[DEBUG] found drawable-notlong-port-ldpi splash screen at D:\Users\Matt\Dropbox\Titanium Workspace\daysnapper\Resources\android\images\res-notlong-port-ldpi\default.png
[DEBUG] found drawable-notlong-port-mdpi splash screen at D:\Users\Matt\Dropbox\Titanium Workspace\daysnapper\Resources\android\images\res-notlong-port-mdpi\default.png
[INFO] Waiting for SDCard to become available..
[INFO] Re-launching application ... Day Snapper
[INFO] Launching application ... Day Snapper
[TRACE] Launch output: Starting: Intent { act=android.intent.action.MAIN cat=[android.intent.category.LAUNCHER] cmp=coop.tiny.daysnapper/.DaySnapperActivity }

